生成启动时间为 2012-12-27 18:23:54。
     1>项目“D:\屠舒\我的作业\数据结构\排序算法的比较与实现2\排序算法的比较与实现2\排序算法的比较与实现2.vcxproj”在节点 2 上(rebuild 个目标)。
     1>_PrepareForClean:
         正在删除文件“Debug\排序算法的比较与实现2.lastbuildstate”。
       InitializeBuildStatus:
         正在对“Debug\排序算法的比较与实现2.unsuccessfulbuild”执行 Touch 任务。
       ClCompile:
         d:\程序安装\VS2010\VC\bin\CL.exe /c /ZI /nologo /W3 /WX- /Od /Oy- /D WIN32 /D _DEBUG /D _CONSOLE /D _UNICODE /D UNICODE /Gm /EHsc /RTC1 /MDd /GS /fp:precise /Zc:wchar_t /Zc:forScope /Fo"Debug\\" /Fd"Debug\vc100.pdb" /Gd /TP /analyze- /errorReport:prompt Key.cpp List.cpp Record.cpp Sortable_list.cpp stdafx.cpp "排序算法的比较与实现2.cpp"
         排序算法的比较与实现2.cpp
     1>d:\屠舒\我的作业\数据结构\排序算法的比较与实现2\排序算法的比较与实现2\random.h(3): error C2065: “INT_MAX”: 未声明的标识符
     1>d:\屠舒\我的作业\数据结构\排序算法的比较与实现2\排序算法的比较与实现2\random.h(25): error C3861: “time”: 找不到标识符
     1>d:\屠舒\我的作业\数据结构\排序算法的比较与实现2\排序算法的比较与实现2\list.h(13): error C2146: 语法错误: 缺少“;”(在标识符“retrieve”的前面)
                 d:\屠舒\我的作业\数据结构\排序算法的比较与实现2\排序算法的比较与实现2\list.h(21): 参见对正在编译的类 模板 实例化“List<List_entry>”的引用
     1>d:\屠舒\我的作业\数据结构\排序算法的比较与实现2\排序算法的比较与实现2\list.h(13): error C4430: 缺少类型说明符 - 假定为 int。注意: C++ 不支持默认 int
     1>d:\屠舒\我的作业\数据结构\排序算法的比较与实现2\排序算法的比较与实现2\list.h(13): error C4430: 缺少类型说明符 - 假定为 int。注意: C++ 不支持默认 int
     1>d:\屠舒\我的作业\数据结构\排序算法的比较与实现2\排序算法的比较与实现2\list.h(13): warning C4183: “retrieve”: 缺少返回类型；假定为返回“int”的成员函数
     1>d:\屠舒\我的作业\数据结构\排序算法的比较与实现2\排序算法的比较与实现2\list.h(14): error C2146: 语法错误: 缺少“;”(在标识符“replace”的前面)
     1>d:\屠舒\我的作业\数据结构\排序算法的比较与实现2\排序算法的比较与实现2\list.h(14): error C4430: 缺少类型说明符 - 假定为 int。注意: C++ 不支持默认 int
     1>d:\屠舒\我的作业\数据结构\排序算法的比较与实现2\排序算法的比较与实现2\list.h(14): error C4430: 缺少类型说明符 - 假定为 int。注意: C++ 不支持默认 int
     1>d:\屠舒\我的作业\数据结构\排序算法的比较与实现2\排序算法的比较与实现2\list.h(14): warning C4183: “replace”: 缺少返回类型；假定为返回“int”的成员函数
     1>d:\屠舒\我的作业\数据结构\排序算法的比较与实现2\排序算法的比较与实现2\list.h(15): error C2146: 语法错误: 缺少“;”(在标识符“remove”的前面)
     1>d:\屠舒\我的作业\数据结构\排序算法的比较与实现2\排序算法的比较与实现2\list.h(15): error C4430: 缺少类型说明符 - 假定为 int。注意: C++ 不支持默认 int
     1>d:\屠舒\我的作业\数据结构\排序算法的比较与实现2\排序算法的比较与实现2\list.h(15): error C4430: 缺少类型说明符 - 假定为 int。注意: C++ 不支持默认 int
     1>d:\屠舒\我的作业\数据结构\排序算法的比较与实现2\排序算法的比较与实现2\list.h(15): warning C4183: “remove”: 缺少返回类型；假定为返回“int”的成员函数
     1>d:\屠舒\我的作业\数据结构\排序算法的比较与实现2\排序算法的比较与实现2\list.h(16): error C2146: 语法错误: 缺少“;”(在标识符“insert”的前面)
     1>d:\屠舒\我的作业\数据结构\排序算法的比较与实现2\排序算法的比较与实现2\list.h(16): error C4430: 缺少类型说明符 - 假定为 int。注意: C++ 不支持默认 int
     1>d:\屠舒\我的作业\数据结构\排序算法的比较与实现2\排序算法的比较与实现2\list.h(16): error C4430: 缺少类型说明符 - 假定为 int。注意: C++ 不支持默认 int
     1>d:\屠舒\我的作业\数据结构\排序算法的比较与实现2\排序算法的比较与实现2\list.h(16): warning C4183: “insert”: 缺少返回类型；假定为返回“int”的成员函数
     1>d:\屠舒\我的作业\数据结构\排序算法的比较与实现2\排序算法的比较与实现2\list.h(17): error C2146: 语法错误: 缺少“;”(在标识符“nonorderinsert”的前面)
     1>d:\屠舒\我的作业\数据结构\排序算法的比较与实现2\排序算法的比较与实现2\list.h(17): error C4430: 缺少类型说明符 - 假定为 int。注意: C++ 不支持默认 int
     1>d:\屠舒\我的作业\数据结构\排序算法的比较与实现2\排序算法的比较与实现2\list.h(17): error C4430: 缺少类型说明符 - 假定为 int。注意: C++ 不支持默认 int
     1>d:\屠舒\我的作业\数据结构\排序算法的比较与实现2\排序算法的比较与实现2\list.h(17): warning C4183: “nonorderinsert”: 缺少返回类型；假定为返回“int”的成员函数
         stdafx.cpp
         Sortable_list.cpp
     1>d:\屠舒\我的作业\数据结构\排序算法的比较与实现2\排序算法的比较与实现2\list.h(13): error C2146: 语法错误: 缺少“;”(在标识符“retrieve”的前面)
                 d:\屠舒\我的作业\数据结构\排序算法的比较与实现2\排序算法的比较与实现2\list.h(21): 参见对正在编译的类 模板 实例化“List<List_entry>”的引用
     1>d:\屠舒\我的作业\数据结构\排序算法的比较与实现2\排序算法的比较与实现2\list.h(13): error C4430: 缺少类型说明符 - 假定为 int。注意: C++ 不支持默认 int
     1>d:\屠舒\我的作业\数据结构\排序算法的比较与实现2\排序算法的比较与实现2\list.h(13): error C4430: 缺少类型说明符 - 假定为 int。注意: C++ 不支持默认 int
     1>d:\屠舒\我的作业\数据结构\排序算法的比较与实现2\排序算法的比较与实现2\list.h(13): warning C4183: “retrieve”: 缺少返回类型；假定为返回“int”的成员函数
     1>d:\屠舒\我的作业\数据结构\排序算法的比较与实现2\排序算法的比较与实现2\list.h(14): error C2146: 语法错误: 缺少“;”(在标识符“replace”的前面)
     1>d:\屠舒\我的作业\数据结构\排序算法的比较与实现2\排序算法的比较与实现2\list.h(14): error C4430: 缺少类型说明符 - 假定为 int。注意: C++ 不支持默认 int
     1>d:\屠舒\我的作业\数据结构\排序算法的比较与实现2\排序算法的比较与实现2\list.h(14): error C4430: 缺少类型说明符 - 假定为 int。注意: C++ 不支持默认 int
     1>d:\屠舒\我的作业\数据结构\排序算法的比较与实现2\排序算法的比较与实现2\list.h(14): warning C4183: “replace”: 缺少返回类型；假定为返回“int”的成员函数
     1>d:\屠舒\我的作业\数据结构\排序算法的比较与实现2\排序算法的比较与实现2\list.h(15): error C2146: 语法错误: 缺少“;”(在标识符“remove”的前面)
     1>d:\屠舒\我的作业\数据结构\排序算法的比较与实现2\排序算法的比较与实现2\list.h(15): error C4430: 缺少类型说明符 - 假定为 int。注意: C++ 不支持默认 int
     1>d:\屠舒\我的作业\数据结构\排序算法的比较与实现2\排序算法的比较与实现2\list.h(15): error C4430: 缺少类型说明符 - 假定为 int。注意: C++ 不支持默认 int
     1>d:\屠舒\我的作业\数据结构\排序算法的比较与实现2\排序算法的比较与实现2\list.h(15): warning C4183: “remove”: 缺少返回类型；假定为返回“int”的成员函数
     1>d:\屠舒\我的作业\数据结构\排序算法的比较与实现2\排序算法的比较与实现2\list.h(16): error C2146: 语法错误: 缺少“;”(在标识符“insert”的前面)
     1>d:\屠舒\我的作业\数据结构\排序算法的比较与实现2\排序算法的比较与实现2\list.h(16): error C4430: 缺少类型说明符 - 假定为 int。注意: C++ 不支持默认 int
     1>d:\屠舒\我的作业\数据结构\排序算法的比较与实现2\排序算法的比较与实现2\list.h(16): error C4430: 缺少类型说明符 - 假定为 int。注意: C++ 不支持默认 int
     1>d:\屠舒\我的作业\数据结构\排序算法的比较与实现2\排序算法的比较与实现2\list.h(16): warning C4183: “insert”: 缺少返回类型；假定为返回“int”的成员函数
     1>d:\屠舒\我的作业\数据结构\排序算法的比较与实现2\排序算法的比较与实现2\list.h(17): error C2146: 语法错误: 缺少“;”(在标识符“nonorderinsert”的前面)
     1>d:\屠舒\我的作业\数据结构\排序算法的比较与实现2\排序算法的比较与实现2\list.h(17): error C4430: 缺少类型说明符 - 假定为 int。注意: C++ 不支持默认 int
     1>d:\屠舒\我的作业\数据结构\排序算法的比较与实现2\排序算法的比较与实现2\list.h(17): error C4430: 缺少类型说明符 - 假定为 int。注意: C++ 不支持默认 int
     1>d:\屠舒\我的作业\数据结构\排序算法的比较与实现2\排序算法的比较与实现2\list.h(17): warning C4183: “nonorderinsert”: 缺少返回类型；假定为返回“int”的成员函数
         Record.cpp
     1>d:\屠舒\我的作业\数据结构\排序算法的比较与实现2\排序算法的比较与实现2\record.cpp(9): warning C4244: “参数”: 从“double”转换到“int”，可能丢失数据
         List.cpp
     1>d:\屠舒\我的作业\数据结构\排序算法的比较与实现2\排序算法的比较与实现2\list.h(13): error C2146: 语法错误: 缺少“;”(在标识符“retrieve”的前面)
                 d:\屠舒\我的作业\数据结构\排序算法的比较与实现2\排序算法的比较与实现2\list.h(21): 参见对正在编译的类 模板 实例化“List<List_entry>”的引用
     1>d:\屠舒\我的作业\数据结构\排序算法的比较与实现2\排序算法的比较与实现2\list.h(13): error C4430: 缺少类型说明符 - 假定为 int。注意: C++ 不支持默认 int
     1>d:\屠舒\我的作业\数据结构\排序算法的比较与实现2\排序算法的比较与实现2\list.h(13): error C4430: 缺少类型说明符 - 假定为 int。注意: C++ 不支持默认 int
     1>d:\屠舒\我的作业\数据结构\排序算法的比较与实现2\排序算法的比较与实现2\list.h(13): warning C4183: “retrieve”: 缺少返回类型；假定为返回“int”的成员函数
     1>d:\屠舒\我的作业\数据结构\排序算法的比较与实现2\排序算法的比较与实现2\list.h(14): error C2146: 语法错误: 缺少“;”(在标识符“replace”的前面)
     1>d:\屠舒\我的作业\数据结构\排序算法的比较与实现2\排序算法的比较与实现2\list.h(14): error C4430: 缺少类型说明符 - 假定为 int。注意: C++ 不支持默认 int
     1>d:\屠舒\我的作业\数据结构\排序算法的比较与实现2\排序算法的比较与实现2\list.h(14): error C4430: 缺少类型说明符 - 假定为 int。注意: C++ 不支持默认 int
     1>d:\屠舒\我的作业\数据结构\排序算法的比较与实现2\排序算法的比较与实现2\list.h(14): warning C4183: “replace”: 缺少返回类型；假定为返回“int”的成员函数
     1>d:\屠舒\我的作业\数据结构\排序算法的比较与实现2\排序算法的比较与实现2\list.h(15): error C2146: 语法错误: 缺少“;”(在标识符“remove”的前面)
     1>d:\屠舒\我的作业\数据结构\排序算法的比较与实现2\排序算法的比较与实现2\list.h(15): error C4430: 缺少类型说明符 - 假定为 int。注意: C++ 不支持默认 int
     1>d:\屠舒\我的作业\数据结构\排序算法的比较与实现2\排序算法的比较与实现2\list.h(15): error C4430: 缺少类型说明符 - 假定为 int。注意: C++ 不支持默认 int
     1>d:\屠舒\我的作业\数据结构\排序算法的比较与实现2\排序算法的比较与实现2\list.h(15): warning C4183: “remove”: 缺少返回类型；假定为返回“int”的成员函数
     1>d:\屠舒\我的作业\数据结构\排序算法的比较与实现2\排序算法的比较与实现2\list.h(16): error C2146: 语法错误: 缺少“;”(在标识符“insert”的前面)
     1>d:\屠舒\我的作业\数据结构\排序算法的比较与实现2\排序算法的比较与实现2\list.h(16): error C4430: 缺少类型说明符 - 假定为 int。注意: C++ 不支持默认 int
     1>d:\屠舒\我的作业\数据结构\排序算法的比较与实现2\排序算法的比较与实现2\list.h(16): error C4430: 缺少类型说明符 - 假定为 int。注意: C++ 不支持默认 int
     1>d:\屠舒\我的作业\数据结构\排序算法的比较与实现2\排序算法的比较与实现2\list.h(16): warning C4183: “insert”: 缺少返回类型；假定为返回“int”的成员函数
     1>d:\屠舒\我的作业\数据结构\排序算法的比较与实现2\排序算法的比较与实现2\list.h(17): error C2146: 语法错误: 缺少“;”(在标识符“nonorderinsert”的前面)
     1>d:\屠舒\我的作业\数据结构\排序算法的比较与实现2\排序算法的比较与实现2\list.h(17): error C4430: 缺少类型说明符 - 假定为 int。注意: C++ 不支持默认 int
     1>d:\屠舒\我的作业\数据结构\排序算法的比较与实现2\排序算法的比较与实现2\list.h(17): error C4430: 缺少类型说明符 - 假定为 int。注意: C++ 不支持默认 int
     1>d:\屠舒\我的作业\数据结构\排序算法的比较与实现2\排序算法的比较与实现2\list.h(17): warning C4183: “nonorderinsert”: 缺少返回类型；假定为返回“int”的成员函数
     1>d:\屠舒\我的作业\数据结构\排序算法的比较与实现2\排序算法的比较与实现2\list.cpp(41): error C2143: 语法错误 : 缺少“;”(在“List<List_entry>::retrieve”的前面)
     1>d:\屠舒\我的作业\数据结构\排序算法的比较与实现2\排序算法的比较与实现2\list.cpp(41): error C4430: 缺少类型说明符 - 假定为 int。注意: C++ 不支持默认 int
     1>d:\屠舒\我的作业\数据结构\排序算法的比较与实现2\排序算法的比较与实现2\list.cpp(41): warning C4346: “List<List_entry>::retrieve”: 依赖名称不是类型
                 用“typename”为前缀来表示类型
     1>d:\屠舒\我的作业\数据结构\排序算法的比较与实现2\排序算法的比较与实现2\list.cpp(41): error C2061: 语法错误: 标识符“List_entry”
     1>d:\屠舒\我的作业\数据结构\排序算法的比较与实现2\排序算法的比较与实现2\list.cpp(53): error C2143: 语法错误 : 缺少“;”(在“List<List_entry>::replace”的前面)
     1>d:\屠舒\我的作业\数据结构\排序算法的比较与实现2\排序算法的比较与实现2\list.cpp(53): error C4430: 缺少类型说明符 - 假定为 int。注意: C++ 不支持默认 int
     1>d:\屠舒\我的作业\数据结构\排序算法的比较与实现2\排序算法的比较与实现2\list.cpp(53): error C2086: “int Error_code”: 重定义
                 d:\屠舒\我的作业\数据结构\排序算法的比较与实现2\排序算法的比较与实现2\list.cpp(41) : 参见“Error_code”的声明
     1>d:\屠舒\我的作业\数据结构\排序算法的比较与实现2\排序算法的比较与实现2\list.cpp(53): error C4430: 缺少类型说明符 - 假定为 int。注意: C++ 不支持默认 int
     1>d:\屠舒\我的作业\数据结构\排序算法的比较与实现2\排序算法的比较与实现2\list.cpp(53): warning C4346: “List<List_entry>::replace”: 依赖名称不是类型
                 用“typename”为前缀来表示类型
     1>d:\屠舒\我的作业\数据结构\排序算法的比较与实现2\排序算法的比较与实现2\list.cpp(53): error C2143: 语法错误 : 缺少“,”(在“&”的前面)
     1>d:\屠舒\我的作业\数据结构\排序算法的比较与实现2\排序算法的比较与实现2\list.cpp(65): error C2143: 语法错误 : 缺少“;”(在“List<List_entry>::insert”的前面)
     1>d:\屠舒\我的作业\数据结构\排序算法的比较与实现2\排序算法的比较与实现2\list.cpp(65): error C4430: 缺少类型说明符 - 假定为 int。注意: C++ 不支持默认 int
     1>d:\屠舒\我的作业\数据结构\排序算法的比较与实现2\排序算法的比较与实现2\list.cpp(65): error C2086: “int Error_code”: 重定义
                 d:\屠舒\我的作业\数据结构\排序算法的比较与实现2\排序算法的比较与实现2\list.cpp(41) : 参见“Error_code”的声明
     1>d:\屠舒\我的作业\数据结构\排序算法的比较与实现2\排序算法的比较与实现2\list.cpp(65): error C4430: 缺少类型说明符 - 假定为 int。注意: C++ 不支持默认 int
     1>d:\屠舒\我的作业\数据结构\排序算法的比较与实现2\排序算法的比较与实现2\list.cpp(65): warning C4346: “List<List_entry>::insert”: 依赖名称不是类型
                 用“typename”为前缀来表示类型
     1>d:\屠舒\我的作业\数据结构\排序算法的比较与实现2\排序算法的比较与实现2\list.cpp(65): error C2143: 语法错误 : 缺少“,”(在“&”的前面)
     1>d:\屠舒\我的作业\数据结构\排序算法的比较与实现2\排序算法的比较与实现2\list.cpp(81): error C2143: 语法错误 : 缺少“;”(在“List<List_entry>::remove”的前面)
     1>d:\屠舒\我的作业\数据结构\排序算法的比较与实现2\排序算法的比较与实现2\list.cpp(81): error C4430: 缺少类型说明符 - 假定为 int。注意: C++ 不支持默认 int
     1>d:\屠舒\我的作业\数据结构\排序算法的比较与实现2\排序算法的比较与实现2\list.cpp(81): error C2086: “int Error_code”: 重定义
                 d:\屠舒\我的作业\数据结构\排序算法的比较与实现2\排序算法的比较与实现2\list.cpp(41) : 参见“Error_code”的声明
     1>d:\屠舒\我的作业\数据结构\排序算法的比较与实现2\排序算法的比较与实现2\list.cpp(81): warning C4346: “List<List_entry>::remove”: 依赖名称不是类型
                 用“typename”为前缀来表示类型
     1>d:\屠舒\我的作业\数据结构\排序算法的比较与实现2\排序算法的比较与实现2\list.cpp(81): error C2061: 语法错误: 标识符“List_entry”
     1>d:\屠舒\我的作业\数据结构\排序算法的比较与实现2\排序算法的比较与实现2\list.cpp(98): error C2143: 语法错误 : 缺少“;”(在“List<List_entry>::nonorderinsert”的前面)
     1>d:\屠舒\我的作业\数据结构\排序算法的比较与实现2\排序算法的比较与实现2\list.cpp(98): error C4430: 缺少类型说明符 - 假定为 int。注意: C++ 不支持默认 int
     1>d:\屠舒\我的作业\数据结构\排序算法的比较与实现2\排序算法的比较与实现2\list.cpp(98): error C2086: “int Error_code”: 重定义
                 d:\屠舒\我的作业\数据结构\排序算法的比较与实现2\排序算法的比较与实现2\list.cpp(41) : 参见“Error_code”的声明
         Key.cpp
         正在生成代码...
     1>已完成生成项目“D:\屠舒\我的作业\数据结构\排序算法的比较与实现2\排序算法的比较与实现2\排序算法的比较与实现2.vcxproj”(rebuild 个目标)的操作 - 失败。

生成失败。

已用时间 00:00:01.37
